hse-pc-phone-app/build/outputs/logs/manifest-merger-debug-report.txt
-- Merging decision tree log ---
manifest
ADDED from src\main\AndroidManifest.xml:2:1-77:12
INJECTED from src\main\AndroidManifest.xml:2:1-77:12
INJECTED from src\main\AndroidManifest.xml:2:1-77:12
INJECTED from src\main\AndroidManifest.xml:2:1-77:12
INJECTED from src\main\AndroidManifest.xml:2:1-77:12
INJECTED from src\main\AndroidManifest.xml:2:1-77:12
INJECTED from src\main\AndroidManifest.xml:2:1-77:12
	package
		ADDED from src\main\AndroidManifest.xml:3:5-34
		INJECTED from src\main\AndroidManifest.xml
		INJECTED from src\main\AndroidManifest.xml
	android:versionName
		ADDED from src\main\AndroidManifest.xml:5:5-41
		INJECTED from src\main\AndroidManifest.xml
		INJECTED from src\main\AndroidManifest.xml
	xmlns:android
		ADDED from src\main\AndroidManifest.xml:2:11-69
	android:versionCode
		ADDED from src\main\AndroidManifest.xml:4:5-28
		INJECTED from src\main\AndroidManifest.xml
		INJECTED from src\main\AndroidManifest.xml
uses-sdk
ADDED from src\main\AndroidManifest.xml:7:5-47
INJECTED from src\main\AndroidManifest.xml:7:5-47
INJECTED from src\main\AndroidManifest.xml:7:5-47
INJECTED from src\main\AndroidManifest.xml:7:5-47
INJECTED from src\main\AndroidManifest.xml:7:5-47
	android:targetSdkVersion
		ADDED from src\main\AndroidManifest.xml:7:15-44
		INJECTED from src\main\AndroidManifest.xml
		INJECTED from src\main\AndroidManifest.xml
	android:minSdkVersion
		INJECTED from src\main\AndroidManifest.xml
		ADDED from src\main\AndroidManifest.xml:7:5-47
		INJECTED from src\main\AndroidManifest.xml
application
ADDED from src\main\AndroidManifest.xml:9:5-75:19
	android:label
		ADDED from src\main\AndroidManifest.xml:12:9-41
	android:icon
		ADDED from src\main\AndroidManifest.xml:11:9-45
	android:allowBackup
		ADDED from src\main\AndroidManifest.xml:10:9-35
	android:theme
		ADDED from src\main\AndroidManifest.xml:13:9-40
activity#com.hd.hse.pc.phone.activity.PersonCheckMode
ADDED from src\main\AndroidManifest.xml:15:9-19:67
	android:screenOrientation
		ADDED from src\main\AndroidManifest.xml:18:13-49
	android:windowSoftInputMode
		ADDED from src\main\AndroidManifest.xml:19:13-55
	android:configChanges
		ADDED from src\main\AndroidManifest.xml:17:13-74
	android:name
		ADDED from src\main\AndroidManifest.xml:16:13-72
activity#com.hd.hse.pc.phone.activity.ReadPersonCardActivity
ADDED from src\main\AndroidManifest.xml:22:9-26:67
	android:screenOrientation
		ADDED from src\main\AndroidManifest.xml:25:13-49
	android:windowSoftInputMode
		ADDED from src\main\AndroidManifest.xml:26:13-55
	android:configChanges
		ADDED from src\main\AndroidManifest.xml:24:13-74
	android:name
		ADDED from src\main\AndroidManifest.xml:23:13-79
activity#com.hd.hse.pc.phone.activity.PersonCheckActivity
ADDED from src\main\AndroidManifest.xml:28:9-32:67
	android:screenOrientation
		ADDED from src\main\AndroidManifest.xml:31:13-49
	android:windowSoftInputMode
		ADDED from src\main\AndroidManifest.xml:32:13-55
	android:configChanges
		ADDED from src\main\AndroidManifest.xml:30:13-74
	android:name
		ADDED from src\main\AndroidManifest.xml:29:13-76
activity#com.hd.hse.pc.phone.activity.PersonAccessRecordActivity
ADDED from src\main\AndroidManifest.xml:34:9-38:67
	android:screenOrientation
		ADDED from src\main\AndroidManifest.xml:37:13-49
	android:windowSoftInputMode
		ADDED from src\main\AndroidManifest.xml:38:13-55
	android:configChanges
		ADDED from src\main\AndroidManifest.xml:36:13-74
	android:name
		ADDED from src\main\AndroidManifest.xml:35:13-83
activity#com.hd.hse.pc.phone.activity.PersonRulesRecordActivity
ADDED from src\main\AndroidManifest.xml:40:9-44:67
	android:screenOrientation
		ADDED from src\main\AndroidManifest.xml:43:13-49
	android:windowSoftInputMode
		ADDED from src\main\AndroidManifest.xml:44:13-55
	android:configChanges
		ADDED from src\main\AndroidManifest.xml:42:13-74
	android:name
		ADDED from src\main\AndroidManifest.xml:41:13-82
activity#com.hd.hse.pc.phone.activity.PersonCertificateRecordActivity
ADDED from src\main\AndroidManifest.xml:46:9-50:67
	android:screenOrientation
		ADDED from src\main\AndroidManifest.xml:49:13-49
	android:windowSoftInputMode
		ADDED from src\main\AndroidManifest.xml:50:13-55
	android:configChanges
		ADDED from src\main\AndroidManifest.xml:48:13-74
	android:name
		ADDED from src\main\AndroidManifest.xml:47:13-88
activity#com.hd.hse.pc.phone.activity.PersonCertificateRecordActivity2
ADDED from src\main\AndroidManifest.xml:51:9-55:67
	android:screenOrientation
		ADDED from src\main\AndroidManifest.xml:54:13-49
	android:windowSoftInputMode
		ADDED from src\main\AndroidManifest.xml:55:13-55
	android:configChanges
		ADDED from src\main\AndroidManifest.xml:53:13-74
	android:name
		ADDED from src\main\AndroidManifest.xml:52:13-89
activity#com.hd.hse.pc.phone.activity.TrainingRecordsActivity
ADDED from src\main\AndroidManifest.xml:56:9-60:67
	android:screenOrientation
		ADDED from src\main\AndroidManifest.xml:59:13-49
	android:windowSoftInputMode
		ADDED from src\main\AndroidManifest.xml:60:13-55
	android:configChanges
		ADDED from src\main\AndroidManifest.xml:58:13-74
	android:name
		ADDED from src\main\AndroidManifest.xml:57:13-80
activity#com.hd.hse.pc.phone.activity.CertificateDisplayActivity
ADDED from src\main\AndroidManifest.xml:62:9-66:67
	android:screenOrientation
		ADDED from src\main\AndroidManifest.xml:65:13-49
	android:windowSoftInputMode
		ADDED from src\main\AndroidManifest.xml:66:13-55
	android:configChanges
		ADDED from src\main\AndroidManifest.xml:64:13-74
	android:name
		ADDED from src\main\AndroidManifest.xml:63:13-83
activity#com.hd.hse.pc.phone.activity.JhrExamRecordActivity
ADDED from src\main\AndroidManifest.xml:67:9-73:20
	android:screenOrientation
		ADDED from src\main\AndroidManifest.xml:70:13-49
	android:windowSoftInputMode
		ADDED from src\main\AndroidManifest.xml:71:13-55
	android:configChanges
		ADDED from src\main\AndroidManifest.xml:69:13-74
	android:name
		ADDED from src\main\AndroidManifest.xml:68:13-78